# JRE version: OpenJDK Runtime Environment (10.0+44) (build 10+44)
# Java VM: OpenJDK 64-Bit Server VM (10+44, mixed mode, tiered, compressed oops, g1 gc, linux-amd64)
Heap:
 garbage-first heap   total 4132864K, used 510773K [0x00000003c0000000, 0x00000007c0000000)
  region size 4096K, 5 young (20480K), 5 survivors (20480K)
 Metaspace       used 14306K, capacity 14579K, committed 14720K, reserved 1062912K
  class space    used 1269K, capacity 1370K, committed 1408K, reserved 1048576K
GC Heap History (10 events):
Event: 18,285 GC heap after
{Heap after GC invocations=21 (full 1):
 garbage-first heap   total 1638400K, used 392408K [0x00000003c0000000, 0x00000007c0000000)
  region size 4096K, 6 young (24576K), 6 survivors (24576K)
 Metaspace       used 14284K, capacity 14567K, committed 14720K, reserved 1062912K
  class space    used 1269K, capacity 1370K, committed 1408K, reserved 1048576K
}
Event: 22,639 GC heap before
{Heap before GC invocations=21 (full 1):
 garbage-first heap   total 1638400K, used 736472K [0x00000003c0000000, 0x00000007c0000000)
  region size 4096K, 90 young (368640K), 6 survivors (24576K)
 Metaspace       used 14284K, capacity 14567K, committed 14720K, reserved 1062912K
  class space    used 1269K, capacity 1370K, committed 1408K, reserved 1048576K
}
Event: 22,742 GC heap after
{Heap after GC invocations=22 (full 1):
 garbage-first heap   total 2547712K, used 412874K [0x00000003c0000000, 0x00000007c0000000)
  region size 4096K, 11 young (45056K), 11 survivors (45056K)
 Metaspace       used 14284K, capacity 14567K, committed 14720K, reserved 1062912K
  class space    used 1269K, capacity 1370K, committed 1408K, reserved 1048576K
}
Event: 31,802 GC heap before
{Heap before GC invocations=22 (full 1):
 garbage-first heap   total 2547712K, used 1027274K [0x00000003c0000000, 0x00000007c0000000)
  region size 4096K, 161 young (659456K), 11 survivors (45056K)
 Metaspace       used 14305K, capacity 14579K, committed 14720K, reserved 1062912K
  class space    used 1269K, capacity 1370K, committed 1408K, reserved 1048576K
}
Event: 32,147 GC heap after
{Heap after GC invocations=23 (full 1):
 garbage-first heap   total 2547712K, used 457049K [0x00000003c0000000, 0x00000007c0000000)
  region size 4096K, 21 young (86016K), 21 survivors (86016K)
 Metaspace       used 14305K, capacity 14579K, committed 14720K, reserved 1062912K
  class space    used 1269K, capacity 1370K, committed 1408K, reserved 1048576K
}
Event: 33,117 GC heap before
{Heap before GC invocations=23 (full 1):
 garbage-first heap   total 2547712K, used 498009K [0x00000003c0000000, 0x00000007c0000000)
  region size 4096K, 31 young (126976K), 21 survivors (86016K)
 Metaspace       used 14305K, capacity 14579K, committed 14720K, reserved 1062912K
  class space    used 1269K, capacity 1370K, committed 1408K, reserved 1048576K
}
Event: 33,286 GC heap after
{Heap after GC invocations=24 (full 1):
 garbage-first heap   total 2547712K, used 464412K [0x00000003c0000000, 0x00000007c0000000)
  region size 4096K, 4 young (16384K), 4 survivors (16384K)
 Metaspace       used 14305K, capacity 14579K, committed 14720K, reserved 1062912K
  class space    used 1269K, capacity 1370K, committed 1408K, reserved 1048576K
}
Event: 33,937 GC heap before
{Heap before GC invocations=24 (full 1):
 garbage-first heap   total 2547712K, used 575004K [0x00000003c0000000, 0x00000007c0000000)
  region size 4096K, 31 young (126976K), 4 survivors (16384K)
 Metaspace       used 14305K, capacity 14579K, committed 14720K, reserved 1062912K
  class space    used 1269K, capacity 1370K, committed 1408K, reserved 1048576K
}
Event: 34,011 GC heap after
{Heap after GC invocations=25 (full 1):
 garbage-first heap   total 2547712K, used 485532K [0x00000003c0000000, 0x00000007c0000000)
  region size 4096K, 4 young (16384K), 4 survivors (16384K)
 Metaspace       used 14305K, capacity 14579K, committed 14720K, reserved 1062912K
  class space    used 1269K, capacity 1370K, committed 1408K, reserved 1048576K
}
Event: 36,001 GC heap before
{Heap before GC invocations=25 (full 1):
 garbage-first heap   total 2547712K, used 616604K [0x00000003c0000000, 0x00000007c0000000)
  region size 4096K, 36 young (147456K), 4 survivors (16384K)
 Metaspace       used 14306K, capacity 14579K, committed 14720K, reserved 1062912K
  class space    used 1269K, capacity 1370K, committed 1408K, reserved 1048576K
}

