# JRE version: OpenJDK Runtime Environment (10.0+44) (build 10+44)
# Java VM: OpenJDK 64-Bit Server VM (10+44, mixed mode, tiered, compressed oops, g1 gc, linux-amd64)
Heap:
 garbage-first heap   total 4476928K, used 479097K [0x00000003c0000000, 0x00000007c0000000)
  region size 4096K, 5 young (20480K), 5 survivors (20480K)
 Metaspace       used 14252K, capacity 14503K, committed 14720K, reserved 1062912K
  class space    used 1268K, capacity 1370K, committed 1408K, reserved 1048576K
GC Heap History (10 events):
Event: 12,622 GC heap after
{Heap after GC invocations=19 (full 1):
 garbage-first heap   total 1314816K, used 318232K [0x00000003c0000000, 0x00000007c0000000)
  region size 4096K, 2 young (8192K), 2 survivors (8192K)
 Metaspace       used 14224K, capacity 14503K, committed 14720K, reserved 1062912K
  class space    used 1268K, capacity 1370K, committed 1408K, reserved 1048576K
}
Event: 14,584 GC heap before
{Heap before GC invocations=19 (full 1):
 garbage-first heap   total 1314816K, used 432920K [0x00000003c0000000, 0x00000007c0000000)
  region size 4096K, 30 young (122880K), 2 survivors (8192K)
 Metaspace       used 14225K, capacity 14503K, committed 14720K, reserved 1062912K
  class space    used 1268K, capacity 1370K, committed 1408K, reserved 1048576K
}
Event: 14,653 GC heap after
{Heap after GC invocations=20 (full 1):
 garbage-first heap   total 2465792K, used 354701K [0x00000003c0000000, 0x00000007c0000000)
  region size 4096K, 4 young (16384K), 4 survivors (16384K)
 Metaspace       used 14225K, capacity 14503K, committed 14720K, reserved 1062912K
  class space    used 1268K, capacity 1370K, committed 1408K, reserved 1048576K
}
Event: 16,317 GC heap before
{Heap before GC invocations=20 (full 1):
 garbage-first heap   total 2465792K, used 489869K [0x00000003c0000000, 0x00000007c0000000)
  region size 4096K, 37 young (151552K), 4 survivors (16384K)
 Metaspace       used 14226K, capacity 14503K, committed 14720K, reserved 1062912K
  class space    used 1268K, capacity 1370K, committed 1408K, reserved 1048576K
}
Event: 16,473 GC heap after
{Heap after GC invocations=21 (full 1):
 garbage-first heap   total 2465792K, used 386145K [0x00000003c0000000, 0x00000007c0000000)
  region size 4096K, 5 young (20480K), 5 survivors (20480K)
 Metaspace       used 14226K, capacity 14503K, committed 14720K, reserved 1062912K
  class space    used 1268K, capacity 1370K, committed 1408K, reserved 1048576K
}
Event: 18,730 GC heap before
{Heap before GC invocations=21 (full 1):
 garbage-first heap   total 2465792K, used 488545K [0x00000003c0000000, 0x00000007c0000000)
  region size 4096K, 30 young (122880K), 5 survivors (20480K)
 Metaspace       used 14238K, capacity 14503K, committed 14720K, reserved 1062912K
  class space    used 1268K, capacity 1370K, committed 1408K, reserved 1048576K
}
Event: 18,911 GC heap after
{Heap after GC invocations=22 (full 1):
 garbage-first heap   total 2465792K, used 432590K [0x00000003c0000000, 0x00000007c0000000)
  region size 4096K, 4 young (16384K), 4 survivors (16384K)
 Metaspace       used 14238K, capacity 14503K, committed 14720K, reserved 1062912K
  class space    used 1268K, capacity 1370K, committed 1408K, reserved 1048576K
}
Event: 20,045 GC heap before
{Heap before GC invocations=22 (full 1):
 garbage-first heap   total 2465792K, used 543182K [0x00000003c0000000, 0x00000007c0000000)
  region size 4096K, 31 young (126976K), 4 survivors (16384K)
 Metaspace       used 14249K, capacity 14503K, committed 14720K, reserved 1062912K
  class space    used 1268K, capacity 1370K, committed 1408K, reserved 1048576K
}
Event: 20,093 GC heap after
{Heap after GC invocations=23 (full 1):
 garbage-first heap   total 2465792K, used 450155K [0x00000003c0000000, 0x00000007c0000000)
  region size 4096K, 4 young (16384K), 4 survivors (16384K)
 Metaspace       used 14249K, capacity 14503K, committed 14720K, reserved 1062912K
  class space    used 1268K, capacity 1370K, committed 1408K, reserved 1048576K
}
Event: 21,378 GC heap before
{Heap before GC invocations=23 (full 1):
 garbage-first heap   total 2465792K, used 589419K [0x00000003c0000000, 0x00000007c0000000)
  region size 4096K, 38 young (155648K), 4 survivors (16384K)
 Metaspace       used 14252K, capacity 14503K, committed 14720K, reserved 1062912K
  class space    used 1268K, capacity 1370K, committed 1408K, reserved 1048576K
}

