# JRE version: OpenJDK Runtime Environment (10.0+44) (build 10+44)
# Java VM: OpenJDK 64-Bit Server VM (10+44, mixed mode, tiered, compressed oops, g1 gc, linux-amd64)
Heap:
 garbage-first heap   total 4579328K, used 555076K [0x00000003c0000000, 0x00000007c0000000)
  region size 4096K, 3 young (12288K), 3 survivors (12288K)
 Metaspace       used 14062K, capacity 14306K, committed 14464K, reserved 1062912K
  class space    used 1264K, capacity 1369K, committed 1408K, reserved 1048576K
GC Heap History (10 events):
Event: 12,044 GC heap after
{Heap after GC invocations=18 (full 1):
 garbage-first heap   total 819200K, used 282035K [0x00000003c0000000, 0x00000007c0000000)
  region size 4096K, 2 young (8192K), 2 survivors (8192K)
 Metaspace       used 13840K, capacity 14090K, committed 14208K, reserved 1062912K
  class space    used 1252K, capacity 1365K, committed 1408K, reserved 1048576K
}
Event: 12,903 GC heap before
{Heap before GC invocations=18 (full 1):
 garbage-first heap   total 819200K, used 314803K [0x00000003c0000000, 0x00000007c0000000)
  region size 4096K, 10 young (40960K), 2 survivors (8192K)
 Metaspace       used 13893K, capacity 14218K, committed 14464K, reserved 1062912K
  class space    used 1253K, capacity 1365K, committed 1408K, reserved 1048576K
}
Event: 13,018 GC heap after
{Heap after GC invocations=19 (full 1):
 garbage-first heap   total 2027520K, used 303220K [0x00000003c0000000, 0x00000007c0000000)
  region size 4096K, 2 young (8192K), 2 survivors (8192K)
 Metaspace       used 13893K, capacity 14218K, committed 14464K, reserved 1062912K
  class space    used 1253K, capacity 1365K, committed 1408K, reserved 1048576K
}
Event: 14,558 GC heap before
{Heap before GC invocations=19 (full 1):
 garbage-first heap   total 2027520K, used 393332K [0x00000003c0000000, 0x00000007c0000000)
  region size 4096K, 24 young (98304K), 2 survivors (8192K)
 Metaspace       used 13903K, capacity 14218K, committed 14464K, reserved 1062912K
  class space    used 1253K, capacity 1365K, committed 1408K, reserved 1048576K
}
Event: 14,719 GC heap after
{Heap after GC invocations=20 (full 1):
 garbage-first heap   total 2027520K, used 358339K [0x00000003c0000000, 0x00000007c0000000)
  region size 4096K, 3 young (12288K), 3 survivors (12288K)
 Metaspace       used 13903K, capacity 14218K, committed 14464K, reserved 1062912K
  class space    used 1253K, capacity 1365K, committed 1408K, reserved 1048576K
}
Event: 16,442 GC heap before
{Heap before GC invocations=20 (full 1):
 garbage-first heap   total 2027520K, used 444355K [0x00000003c0000000, 0x00000007c0000000)
  region size 4096K, 24 young (98304K), 3 survivors (12288K)
 Metaspace       used 13912K, capacity 14218K, committed 14464K, reserved 1062912K
  class space    used 1253K, capacity 1365K, committed 1408K, reserved 1048576K
}
Event: 16,586 GC heap after
{Heap after GC invocations=21 (full 1):
 garbage-first heap   total 2027520K, used 436292K [0x00000003c0000000, 0x00000007c0000000)
  region size 4096K, 3 young (12288K), 3 survivors (12288K)
 Metaspace       used 13912K, capacity 14218K, committed 14464K, reserved 1062912K
  class space    used 1253K, capacity 1365K, committed 1408K, reserved 1048576K
}
Event: 17,890 GC heap before
{Heap before GC invocations=21 (full 1):
 garbage-first heap   total 2027520K, used 522308K [0x00000003c0000000, 0x00000007c0000000)
  region size 4096K, 24 young (98304K), 3 survivors (12288K)
 Metaspace       used 13936K, capacity 14218K, committed 14464K, reserved 1062912K
  class space    used 1254K, capacity 1365K, committed 1408K, reserved 1048576K
}
Event: 18,140 GC heap after
{Heap after GC invocations=22 (full 1):
 garbage-first heap   total 2027520K, used 522308K [0x00000003c0000000, 0x00000007c0000000)
  region size 4096K, 3 young (12288K), 3 survivors (12288K)
 Metaspace       used 13936K, capacity 14218K, committed 14464K, reserved 1062912K
  class space    used 1254K, capacity 1365K, committed 1408K, reserved 1048576K
}
Event: 18,978 GC heap before
{Heap before GC invocations=22 (full 1):
 garbage-first heap   total 2027520K, used 608324K [0x00000003c0000000, 0x00000007c0000000)
  region size 4096K, 24 young (98304K), 3 survivors (12288K)
 Metaspace       used 14062K, capacity 14306K, committed 14464K, reserved 1062912K
  class space    used 1264K, capacity 1369K, committed 1408K, reserved 1048576K
}

