# JRE version: OpenJDK Runtime Environment (10.0+44) (build 10+44)
# Java VM: OpenJDK 64-Bit Server VM (10+44, mixed mode, tiered, compressed oops, g1 gc, linux-amd64)
Heap:
 garbage-first heap   total 4739072K, used 568989K [0x00000003c0000000, 0x00000007c0000000)
  region size 4096K, 1 young (4096K), 1 survivors (4096K)
 Metaspace       used 14010K, capacity 14306K, committed 14464K, reserved 1062912K
  class space    used 1264K, capacity 1369K, committed 1408K, reserved 1048576K
GC Heap History (10 events):
Event: 11,942 GC heap after
{Heap after GC invocations=18 (full 1):
 garbage-first heap   total 892928K, used 292601K [0x00000003c0000000, 0x00000007c0000000)
  region size 4096K, 2 young (8192K), 2 survivors (8192K)
 Metaspace       used 13840K, capacity 14154K, committed 14208K, reserved 1062912K
  class space    used 1253K, capacity 1365K, committed 1408K, reserved 1048576K
}
Event: 12,756 GC heap before
{Heap before GC invocations=18 (full 1):
 garbage-first heap   total 892928K, used 337657K [0x00000003c0000000, 0x00000007c0000000)
  region size 4096K, 13 young (53248K), 2 survivors (8192K)
 Metaspace       used 13842K, capacity 14154K, committed 14208K, reserved 1062912K
  class space    used 1253K, capacity 1365K, committed 1408K, reserved 1048576K
}
Event: 12,889 GC heap after
{Heap after GC invocations=19 (full 1):
 garbage-first heap   total 2174976K, used 323588K [0x00000003c0000000, 0x00000007c0000000)
  region size 4096K, 2 young (8192K), 2 survivors (8192K)
 Metaspace       used 13842K, capacity 14154K, committed 14208K, reserved 1062912K
  class space    used 1253K, capacity 1365K, committed 1408K, reserved 1048576K
}
Event: 15,011 GC heap before
{Heap before GC invocations=19 (full 1):
 garbage-first heap   total 2174976K, used 421892K [0x00000003c0000000, 0x00000007c0000000)
  region size 4096K, 26 young (106496K), 2 survivors (8192K)
 Metaspace       used 13855K, capacity 14154K, committed 14208K, reserved 1062912K
  class space    used 1253K, capacity 1365K, committed 1408K, reserved 1048576K
}
Event: 15,162 GC heap after
{Heap after GC invocations=20 (full 1):
 garbage-first heap   total 2174976K, used 391039K [0x00000003c0000000, 0x00000007c0000000)
  region size 4096K, 4 young (16384K), 4 survivors (16384K)
 Metaspace       used 13855K, capacity 14154K, committed 14208K, reserved 1062912K
  class space    used 1253K, capacity 1365K, committed 1408K, reserved 1048576K
}
Event: 16,766 GC heap before
{Heap before GC invocations=20 (full 1):
 garbage-first heap   total 2174976K, used 481151K [0x00000003c0000000, 0x00000007c0000000)
  region size 4096K, 26 young (106496K), 4 survivors (16384K)
 Metaspace       used 13882K, capacity 14154K, committed 14208K, reserved 1062912K
  class space    used 1254K, capacity 1365K, committed 1408K, reserved 1048576K
}
Event: 16,962 GC heap after
{Heap after GC invocations=21 (full 1):
 garbage-first heap   total 2174976K, used 483395K [0x00000003c0000000, 0x00000007c0000000)
  region size 4096K, 4 young (16384K), 4 survivors (16384K)
 Metaspace       used 13882K, capacity 14154K, committed 14208K, reserved 1062912K
  class space    used 1254K, capacity 1365K, committed 1408K, reserved 1048576K
}
Event: 17,727 GC heap before
{Heap before GC invocations=21 (full 1):
 garbage-first heap   total 2174976K, used 573507K [0x00000003c0000000, 0x00000007c0000000)
  region size 4096K, 26 young (106496K), 4 survivors (16384K)
 Metaspace       used 14008K, capacity 14306K, committed 14464K, reserved 1062912K
  class space    used 1264K, capacity 1369K, committed 1408K, reserved 1048576K
}
Event: 17,911 GC heap after
{Heap after GC invocations=22 (full 1):
 garbage-first heap   total 2174976K, used 563267K [0x00000003c0000000, 0x00000007c0000000)
  region size 4096K, 4 young (16384K), 4 survivors (16384K)
 Metaspace       used 14008K, capacity 14306K, committed 14464K, reserved 1062912K
  class space    used 1264K, capacity 1369K, committed 1408K, reserved 1048576K
}
Event: 18,460 GC heap before
{Heap before GC invocations=22 (full 1):
 garbage-first heap   total 2174976K, used 653379K [0x00000003c0000000, 0x00000007c0000000)
  region size 4096K, 26 young (106496K), 4 survivors (16384K)
 Metaspace       used 14010K, capacity 14306K, committed 14464K, reserved 1062912K
  class space    used 1264K, capacity 1369K, committed 1408K, reserved 1048576K
}

